-------------------------------------------------------------------------------
Test set: com.example.demo.ProjectFApplicationTests
-------------------------------------------------------------------------------
Tests run: 1, Failures: 0, Errors: 1, Skipped: 0, Time elapsed: 9.93 s <<< FAILURE! - in com.example.demo.ProjectFApplicationTests
contextLoads  Time elapsed: 0.037 s  <<< ERROR!
java.lang.IllegalStateException: Failed to load ApplicationContext
Caused by: org.springframework.beans.factory.UnsatisfiedDependencyException: Error creating bean with name 'foodMenuList': Unsatisfied dependency expressed through field 'mservice'; nested exception is org.springframework.beans.factory.UnsatisfiedDependencyException: Error creating bean with name 'menuService': Unsatisfied dependency expressed through field 'menuadd'; nested exception is org.springframework.beans.factory.BeanCreationException: Error creating bean with name 'menuDeRepo' defined in com.example.demo.repository.MenuDeRepo defined in @EnableJpaRepositories declared on JpaRepositoriesRegistrar.EnableJpaRepositoriesConfiguration: Invocation of init method failed; nested exception is org.springframework.data.repository.query.QueryCreationException: Could not create query for public abstract java.util.List com.example.demo.repository.MenuDeRepo.findByOrderid(int); Reason: Failed to create query for method public abstract java.util.List com.example.demo.repository.MenuDeRepo.findByOrderid(int)! No property 'orderid' found for type 'MenuList' Did you mean ''orderno''; nested exception is java.lang.IllegalArgumentException: Failed to create query for method public abstract java.util.List com.example.demo.repository.MenuDeRepo.findByOrderid(int)! No property 'orderid' found for type 'MenuList' Did you mean ''orderno''
Caused by: org.springframework.beans.factory.UnsatisfiedDependencyException: Error creating bean with name 'menuService': Unsatisfied dependency expressed through field 'menuadd'; nested exception is org.springframework.beans.factory.BeanCreationException: Error creating bean with name 'menuDeRepo' defined in com.example.demo.repository.MenuDeRepo defined in @EnableJpaRepositories declared on JpaRepositoriesRegistrar.EnableJpaRepositoriesConfiguration: Invocation of init method failed; nested exception is org.springframework.data.repository.query.QueryCreationException: Could not create query for public abstract java.util.List com.example.demo.repository.MenuDeRepo.findByOrderid(int); Reason: Failed to create query for method public abstract java.util.List com.example.demo.repository.MenuDeRepo.findByOrderid(int)! No property 'orderid' found for type 'MenuList' Did you mean ''orderno''; nested exception is java.lang.IllegalArgumentException: Failed to create query for method public abstract java.util.List com.example.demo.repository.MenuDeRepo.findByOrderid(int)! No property 'orderid' found for type 'MenuList' Did you mean ''orderno''
Caused by: org.springframework.beans.factory.BeanCreationException: Error creating bean with name 'menuDeRepo' defined in com.example.demo.repository.MenuDeRepo defined in @EnableJpaRepositories declared on JpaRepositoriesRegistrar.EnableJpaRepositoriesConfiguration: Invocation of init method failed; nested exception is org.springframework.data.repository.query.QueryCreationException: Could not create query for public abstract java.util.List com.example.demo.repository.MenuDeRepo.findByOrderid(int); Reason: Failed to create query for method public abstract java.util.List com.example.demo.repository.MenuDeRepo.findByOrderid(int)! No property 'orderid' found for type 'MenuList' Did you mean ''orderno''; nested exception is java.lang.IllegalArgumentException: Failed to create query for method public abstract java.util.List com.example.demo.repository.MenuDeRepo.findByOrderid(int)! No property 'orderid' found for type 'MenuList' Did you mean ''orderno''
Caused by: org.springframework.data.repository.query.QueryCreationException: Could not create query for public abstract java.util.List com.example.demo.repository.MenuDeRepo.findByOrderid(int); Reason: Failed to create query for method public abstract java.util.List com.example.demo.repository.MenuDeRepo.findByOrderid(int)! No property 'orderid' found for type 'MenuList' Did you mean ''orderno''; nested exception is java.lang.IllegalArgumentException: Failed to create query for method public abstract java.util.List com.example.demo.repository.MenuDeRepo.findByOrderid(int)! No property 'orderid' found for type 'MenuList' Did you mean ''orderno''
Caused by: java.lang.IllegalArgumentException: Failed to create query for method public abstract java.util.List com.example.demo.repository.MenuDeRepo.findByOrderid(int)! No property 'orderid' found for type 'MenuList' Did you mean ''orderno''
Caused by: org.springframework.data.mapping.PropertyReferenceException: No property 'orderid' found for type 'MenuList' Did you mean ''orderno''

